{"C:\\Users\\Yoking\\Desktop\\ProyectsReact\\Full-Stack-PERN\\src\\router.ts": {"path":"C:\\Users\\Yoking\\Desktop\\ProyectsReact\\Full-Stack-PERN\\src\\router.ts","statementMap":{"0":{"start":{"line":1,"column":0},"end":{"line":1,"column":32}},"1":{"start":{"line":2,"column":0},"end":{"line":2,"column":47}},"2":{"start":{"line":3,"column":0},"end":{"line":3,"column":134}},"3":{"start":{"line":4,"column":0},"end":{"line":4,"column":58}},"4":{"start":{"line":6,"column":15},"end":{"line":6,"column":23}},"5":{"start":{"line":8,"column":0},"end":{"line":8,"column":null}},"6":{"start":{"line":10,"column":0},"end":{"line":13,"column":null}},"7":{"start":{"line":15,"column":0},"end":{"line":21,"column":null}},"8":{"start":{"line":18,"column":46},"end":{"line":18,"column":55}},"9":{"start":{"line":23,"column":0},"end":{"line":29,"column":null}},"10":{"start":{"line":25,"column":46},"end":{"line":25,"column":55}},"11":{"start":{"line":31,"column":0},"end":{"line":35,"column":null}},"12":{"start":{"line":37,"column":0},"end":{"line":41,"column":null}},"13":{"start":{"line":43,"column":0},"end":{"line":43,"column":22}}},"fnMap":{"0":{"name":"(anonymous_0)","decl":{"start":{"line":18,"column":37},"end":{"line":18,"column":42}},"loc":{"start":{"line":18,"column":46},"end":{"line":18,"column":55}}},"1":{"name":"(anonymous_1)","decl":{"start":{"line":25,"column":37},"end":{"line":25,"column":42}},"loc":{"start":{"line":25,"column":46},"end":{"line":25,"column":55}}}},"branchMap":{},"s":{"0":2,"1":2,"2":2,"3":2,"4":2,"5":2,"6":2,"7":2,"8":3,"9":2,"10":5,"11":2,"12":2,"13":2},"f":{"0":3,"1":5},"b":{}}
,"C:\\Users\\Yoking\\Desktop\\ProyectsReact\\Full-Stack-PERN\\src\\server.ts": {"path":"C:\\Users\\Yoking\\Desktop\\ProyectsReact\\Full-Stack-PERN\\src\\server.ts","statementMap":{"0":{"start":{"line":2,"column":0},"end":{"line":2,"column":31}},"1":{"start":{"line":3,"column":0},"end":{"line":3,"column":33}},"2":{"start":{"line":4,"column":0},"end":{"line":4,"column":32}},"3":{"start":{"line":7,"column":4},"end":{"line":13,"column":null}},"4":{"start":{"line":8,"column":8},"end":{"line":8,"column":null}},"5":{"start":{"line":10,"column":4},"end":{"line":10,"column":14}},"6":{"start":{"line":15,"column":0},"end":{"line":15,"column":12}},"7":{"start":{"line":17,"column":15},"end":{"line":17,"column":24}},"8":{"start":{"line":19,"column":0},"end":{"line":19,"column":null}},"9":{"start":{"line":21,"column":0},"end":{"line":21,"column":null}},"10":{"start":{"line":23,"column":0},"end":{"line":23,"column":22}}},"fnMap":{"0":{"name":"connectDB","decl":{"start":{"line":6,"column":15},"end":{"line":6,"column":24}},"loc":{"start":{"line":6,"column":24},"end":{"line":14,"column":1}}}},"branchMap":{},"s":{"0":2,"1":2,"2":2,"3":2,"4":2,"5":2,"6":2,"7":2,"8":2,"9":2,"10":2},"f":{"0":2},"b":{}}
,"C:\\Users\\Yoking\\Desktop\\ProyectsReact\\Full-Stack-PERN\\src\\config\\db.ts": {"path":"C:\\Users\\Yoking\\Desktop\\ProyectsReact\\Full-Stack-PERN\\src\\config\\db.ts","statementMap":{"0":{"start":{"line":1,"column":0},"end":{"line":1,"column":48}},"1":{"start":{"line":2,"column":0},"end":{"line":2,"column":27}},"2":{"start":{"line":3,"column":0},"end":{"line":3,"column":49}},"3":{"start":{"line":6,"column":0},"end":{"line":6,"column":16}},"4":{"start":{"line":8,"column":11},"end":{"line":17,"column":2}},"5":{"start":{"line":19,"column":0},"end":{"line":19,"column":18}}},"fnMap":{},"branchMap":{},"s":{"0":2,"1":2,"2":2,"3":2,"4":2,"5":2},"f":{},"b":{}}
,"C:\\Users\\Yoking\\Desktop\\ProyectsReact\\Full-Stack-PERN\\src\\handlers\\product.ts": {"path":"C:\\Users\\Yoking\\Desktop\\ProyectsReact\\Full-Stack-PERN\\src\\handlers\\product.ts","statementMap":{"0":{"start":{"line":2,"column":0},"end":{"line":2,"column":48}},"1":{"start":{"line":5,"column":27},"end":{"line":18,"column":1}},"2":{"start":{"line":6,"column":4},"end":{"line":17,"column":null}},"3":{"start":{"line":7,"column":25},"end":{"line":12,"column":14}},"4":{"start":{"line":14,"column":8},"end":{"line":14,"column":null}},"5":{"start":{"line":16,"column":8},"end":{"line":16,"column":null}},"6":{"start":{"line":5,"column":13},"end":{"line":5,"column":27}},"7":{"start":{"line":20,"column":31},"end":{"line":46,"column":1}},"8":{"start":{"line":21,"column":4},"end":{"line":45,"column":null}},"9":{"start":{"line":23,"column":19},"end":{"line":23,"column":40}},"10":{"start":{"line":25,"column":8},"end":{"line":29,"column":null}},"11":{"start":{"line":26,"column":12},"end":{"line":28,"column":null}},"12":{"start":{"line":31,"column":24},"end":{"line":31,"column":50}},"13":{"start":{"line":33,"column":8},"end":{"line":37,"column":null}},"14":{"start":{"line":34,"column":12},"end":{"line":36,"column":null}},"15":{"start":{"line":39,"column":8},"end":{"line":39,"column":null}},"16":{"start":{"line":42,"column":8},"end":{"line":44,"column":null}},"17":{"start":{"line":20,"column":13},"end":{"line":20,"column":31}},"18":{"start":{"line":48,"column":29},"end":{"line":55,"column":1}},"19":{"start":{"line":49,"column":4},"end":{"line":54,"column":null}},"20":{"start":{"line":50,"column":24},"end":{"line":50,"column":54}},"21":{"start":{"line":51,"column":8},"end":{"line":51,"column":null}},"22":{"start":{"line":53,"column":8},"end":{"line":53,"column":27}},"23":{"start":{"line":48,"column":13},"end":{"line":48,"column":29}},"24":{"start":{"line":57,"column":29},"end":{"line":77,"column":1}},"25":{"start":{"line":58,"column":15},"end":{"line":58,"column":36}},"26":{"start":{"line":60,"column":4},"end":{"line":64,"column":null}},"27":{"start":{"line":61,"column":8},"end":{"line":63,"column":null}},"28":{"start":{"line":66,"column":20},"end":{"line":66,"column":46}},"29":{"start":{"line":68,"column":4},"end":{"line":72,"column":null}},"30":{"start":{"line":69,"column":8},"end":{"line":71,"column":null}},"31":{"start":{"line":74,"column":4},"end":{"line":74,"column":null}},"32":{"start":{"line":76,"column":4},"end":{"line":76,"column":null}},"33":{"start":{"line":57,"column":13},"end":{"line":57,"column":29}},"34":{"start":{"line":79,"column":34},"end":{"line":103,"column":1}},"35":{"start":{"line":80,"column":15},"end":{"line":80,"column":46}},"36":{"start":{"line":84,"column":4},"end":{"line":88,"column":null}},"37":{"start":{"line":85,"column":8},"end":{"line":87,"column":null}},"38":{"start":{"line":90,"column":20},"end":{"line":90,"column":46}},"39":{"start":{"line":92,"column":4},"end":{"line":96,"column":null}},"40":{"start":{"line":93,"column":8},"end":{"line":95,"column":null}},"41":{"start":{"line":99,"column":4},"end":{"line":99,"column":null}},"42":{"start":{"line":100,"column":4},"end":{"line":100,"column":25}},"43":{"start":{"line":102,"column":4},"end":{"line":102,"column":null}},"44":{"start":{"line":79,"column":13},"end":{"line":79,"column":34}},"45":{"start":{"line":105,"column":29},"end":{"line":125,"column":1}},"46":{"start":{"line":106,"column":15},"end":{"line":106,"column":46}},"47":{"start":{"line":108,"column":4},"end":{"line":112,"column":null}},"48":{"start":{"line":109,"column":8},"end":{"line":111,"column":null}},"49":{"start":{"line":114,"column":20},"end":{"line":114,"column":46}},"50":{"start":{"line":116,"column":4},"end":{"line":120,"column":null}},"51":{"start":{"line":117,"column":8},"end":{"line":119,"column":null}},"52":{"start":{"line":122,"column":4},"end":{"line":122,"column":null}},"53":{"start":{"line":124,"column":4},"end":{"line":124,"column":null}},"54":{"start":{"line":105,"column":13},"end":{"line":105,"column":29}}},"fnMap":{"0":{"name":"(anonymous_1)","decl":{"start":{"line":5,"column":27},"end":{"line":5,"column":32}},"loc":{"start":{"line":5,"column":65},"end":{"line":18,"column":1}}},"1":{"name":"(anonymous_2)","decl":{"start":{"line":20,"column":31},"end":{"line":20,"column":36}},"loc":{"start":{"line":20,"column":69},"end":{"line":46,"column":1}}},"2":{"name":"(anonymous_3)","decl":{"start":{"line":48,"column":29},"end":{"line":48,"column":34}},"loc":{"start":{"line":48,"column":67},"end":{"line":55,"column":1}}},"3":{"name":"(anonymous_4)","decl":{"start":{"line":57,"column":29},"end":{"line":57,"column":34}},"loc":{"start":{"line":57,"column":67},"end":{"line":77,"column":1}}},"4":{"name":"(anonymous_5)","decl":{"start":{"line":79,"column":34},"end":{"line":79,"column":39}},"loc":{"start":{"line":79,"column":72},"end":{"line":103,"column":1}}},"5":{"name":"(anonymous_6)","decl":{"start":{"line":105,"column":29},"end":{"line":105,"column":34}},"loc":{"start":{"line":105,"column":67},"end":{"line":125,"column":1}}}},"branchMap":{"0":{"loc":{"start":{"line":25,"column":8},"end":{"line":29,"column":null}},"type":"if","locations":[{"start":{"line":25,"column":8},"end":{"line":29,"column":null}},{"start":{},"end":{}}]},"1":{"loc":{"start":{"line":33,"column":8},"end":{"line":37,"column":null}},"type":"if","locations":[{"start":{"line":33,"column":8},"end":{"line":37,"column":null}},{"start":{},"end":{}}]},"2":{"loc":{"start":{"line":60,"column":4},"end":{"line":64,"column":null}},"type":"if","locations":[{"start":{"line":60,"column":4},"end":{"line":64,"column":null}},{"start":{},"end":{}}]},"3":{"loc":{"start":{"line":68,"column":4},"end":{"line":72,"column":null}},"type":"if","locations":[{"start":{"line":68,"column":4},"end":{"line":72,"column":null}},{"start":{},"end":{}}]},"4":{"loc":{"start":{"line":84,"column":4},"end":{"line":88,"column":null}},"type":"if","locations":[{"start":{"line":84,"column":4},"end":{"line":88,"column":null}},{"start":{},"end":{}}]},"5":{"loc":{"start":{"line":92,"column":4},"end":{"line":96,"column":null}},"type":"if","locations":[{"start":{"line":92,"column":4},"end":{"line":96,"column":null}},{"start":{},"end":{}}]},"6":{"loc":{"start":{"line":108,"column":4},"end":{"line":112,"column":null}},"type":"if","locations":[{"start":{"line":108,"column":4},"end":{"line":112,"column":null}},{"start":{},"end":{}}]},"7":{"loc":{"start":{"line":116,"column":4},"end":{"line":120,"column":null}},"type":"if","locations":[{"start":{"line":116,"column":4},"end":{"line":120,"column":null}},{"start":{},"end":{}}]}},"s":{"0":2,"1":2,"2":3,"3":3,"4":3,"5":0,"6":2,"7":2,"8":2,"9":2,"10":2,"11":0,"12":2,"13":2,"14":1,"15":1,"16":0,"17":2,"18":2,"19":1,"20":1,"21":1,"22":0,"23":2,"24":2,"25":3,"26":3,"27":1,"28":2,"29":2,"30":1,"31":1,"32":1,"33":2,"34":2,"35":0,"36":0,"37":0,"38":0,"39":0,"40":0,"41":0,"42":0,"43":0,"44":2,"45":2,"46":2,"47":2,"48":0,"49":2,"50":2,"51":1,"52":1,"53":1,"54":2},"f":{"0":3,"1":2,"2":1,"3":3,"4":0,"5":2},"b":{"0":[0,2],"1":[1,1],"2":[1,2],"3":[1,1],"4":[0,0],"5":[0,0],"6":[0,2],"7":[1,1]}}
,"C:\\Users\\Yoking\\Desktop\\ProyectsReact\\Full-Stack-PERN\\src\\middleware\\index.ts": {"path":"C:\\Users\\Yoking\\Desktop\\ProyectsReact\\Full-Stack-PERN\\src\\middleware\\index.ts","statementMap":{"0":{"start":{"line":2,"column":0},"end":{"line":2,"column":52}},"1":{"start":{"line":4,"column":33},"end":{"line":14,"column":1}},"2":{"start":{"line":6,"column":17},"end":{"line":6,"column":38}},"3":{"start":{"line":7,"column":4},"end":{"line":11,"column":null}},"4":{"start":{"line":8,"column":8},"end":{"line":10,"column":null}},"5":{"start":{"line":13,"column":4},"end":{"line":13,"column":11}},"6":{"start":{"line":4,"column":13},"end":{"line":4,"column":33}}},"fnMap":{"0":{"name":"(anonymous_0)","decl":{"start":{"line":4,"column":33},"end":{"line":4,"column":34}},"loc":{"start":{"line":4,"column":88},"end":{"line":14,"column":1}}}},"branchMap":{"0":{"loc":{"start":{"line":7,"column":4},"end":{"line":11,"column":null}},"type":"if","locations":[{"start":{"line":7,"column":4},"end":{"line":11,"column":null}},{"start":{},"end":{}}]}},"s":{"0":2,"1":2,"2":14,"3":14,"4":6,"5":8,"6":2},"f":{"0":14},"b":{"0":[6,8]}}
,"C:\\Users\\Yoking\\Desktop\\ProyectsReact\\Full-Stack-PERN\\src\\models\\Product.model.ts": {"path":"C:\\Users\\Yoking\\Desktop\\ProyectsReact\\Full-Stack-PERN\\src\\models\\Product.model.ts","statementMap":{"0":{"start":{"line":1,"column":0},"end":{"line":1,"column":79}},"1":{"start":{"line":6,"column":0},"end":{"line":27,"column":null}},"2":{"start":{"line":12,"column":4},"end":{"line":12,"column":null}},"3":{"start":{"line":18,"column":4},"end":{"line":18,"column":null}},"4":{"start":{"line":26,"column":4},"end":{"line":26,"column":null}},"5":{"start":{"line":6,"column":6},"end":{"line":27,"column":null}},"6":{"start":{"line":29,"column":0},"end":{"line":29,"column":23}}},"fnMap":{},"branchMap":{},"s":{"0":2,"1":2,"2":2,"3":2,"4":2,"5":2,"6":2},"f":{},"b":{}}
}
