TN:
SF:src\router.ts
FN:18,(anonymous_0)
FN:25,(anonymous_1)
FNF:2
FNH:2
FNDA:3,(anonymous_0)
FNDA:5,(anonymous_1)
DA:1,2
DA:2,2
DA:3,2
DA:4,2
DA:6,2
DA:8,2
DA:10,2
DA:15,2
DA:18,3
DA:23,2
DA:25,5
DA:31,2
DA:37,2
DA:43,2
LF:14
LH:14
BRF:0
BRH:0
end_of_record
TN:
SF:src\server.ts
FN:6,connectDB
FNF:1
FNH:1
FNDA:2,connectDB
DA:2,2
DA:3,2
DA:4,2
DA:7,2
DA:8,2
DA:10,2
DA:15,2
DA:17,2
DA:19,2
DA:21,2
DA:23,2
LF:11
LH:11
BRF:0
BRH:0
end_of_record
TN:
SF:src\config\db.ts
FNF:0
FNH:0
DA:1,2
DA:2,2
DA:3,2
DA:6,2
DA:8,2
DA:19,2
LF:6
LH:6
BRF:0
BRH:0
end_of_record
TN:
SF:src\handlers\product.ts
FN:5,(anonymous_1)
FN:20,(anonymous_2)
FN:48,(anonymous_3)
FN:57,(anonymous_4)
FN:79,(anonymous_5)
FN:105,(anonymous_6)
FNF:6
FNH:5
FNDA:3,(anonymous_1)
FNDA:2,(anonymous_2)
FNDA:1,(anonymous_3)
FNDA:3,(anonymous_4)
FNDA:0,(anonymous_5)
FNDA:2,(anonymous_6)
DA:2,2
DA:5,2
DA:6,3
DA:7,3
DA:14,3
DA:16,0
DA:20,2
DA:21,2
DA:23,2
DA:25,2
DA:26,0
DA:31,2
DA:33,2
DA:34,1
DA:39,1
DA:42,0
DA:48,2
DA:49,1
DA:50,1
DA:51,1
DA:53,0
DA:57,2
DA:58,3
DA:60,3
DA:61,1
DA:66,2
DA:68,2
DA:69,1
DA:74,1
DA:76,1
DA:79,2
DA:80,0
DA:84,0
DA:85,0
DA:90,0
DA:92,0
DA:93,0
DA:99,0
DA:100,0
DA:102,0
DA:105,2
DA:106,2
DA:108,2
DA:109,0
DA:114,2
DA:116,2
DA:117,1
DA:122,1
DA:124,1
LF:49
LH:35
BRDA:25,0,0,0
BRDA:25,0,1,2
BRDA:33,1,0,1
BRDA:33,1,1,1
BRDA:60,2,0,1
BRDA:60,2,1,2
BRDA:68,3,0,1
BRDA:68,3,1,1
BRDA:84,4,0,0
BRDA:84,4,1,0
BRDA:92,5,0,0
BRDA:92,5,1,0
BRDA:108,6,0,0
BRDA:108,6,1,2
BRDA:116,7,0,1
BRDA:116,7,1,1
BRF:16
BRH:10
end_of_record
TN:
SF:src\middleware\index.ts
FN:4,(anonymous_0)
FNF:1
FNH:1
FNDA:14,(anonymous_0)
DA:2,2
DA:4,2
DA:6,14
DA:7,14
DA:8,6
DA:13,8
LF:6
LH:6
BRDA:7,0,0,6
BRDA:7,0,1,8
BRF:2
BRH:2
end_of_record
TN:
SF:src\models\Product.model.ts
FNF:0
FNH:0
DA:1,2
DA:6,2
DA:12,2
DA:18,2
DA:26,2
DA:29,2
LF:6
LH:6
BRF:0
BRH:0
end_of_record
